[ Info: Parse command line arguments...
[ Info:     casename => sim2D2-20-nosl
[ Info:     nTf => 20.0
[ Info:     outdir => /glade/derecho/scratch/mbailly/Buoyancy-Driven-Convection/Output
[ Info:     SL => no
[ Info: Loading sim2D2 with parameters:
[ Info:      N₀² => 9.0e-5
[ Info:      M² => -4.24e-7
[ Info:      f => 0.0001
[ Info:      σ => 0.005
[ Info:      B₀ => -4.24e-8
[ Info: Set up grid....
[ Info: Set up boundary conditions....
[ Info: Set up bottom sponge layer....
[ Info:      no sponge layer
[ Info: Setting up model....
[ Info: Defining initial conditions....
[ Info: Define the simulation....
[ Info: Add diagnostics...
ERROR: LoadError: syntax: invalid keyword argument name ""vt"" around /glade/u/home/mbailly/Buoyancy-Driven-Convection/Simulations/buoyancy_and_wind-driven_convection.jl:281
Stacktrace:
 [1] top-level scope
   @ ~/Buoyancy-Driven-Convection/Simulations/buoyancy_and_wind-driven_convection.jl:281
in expression starting at /glade/u/home/mbailly/Buoyancy-Driven-Convection/Simulations/buoyancy_and_wind-driven_convection.jl:281
[ Info: Parse command line arguments...
[ Info:     casename => sim2D2-20-nosl
[ Info:     nTf => 20.0
[ Info:     outdir => /glade/derecho/scratch/mbailly/Buoyancy-Driven-Convection/Output
[ Info:     SL => no
[ Info: Loading sim2D2 with parameters:
[ Info:      N₀² => 9.0e-5
[ Info:      M² => -4.24e-7
[ Info:      f => 0.0001
[ Info:      σ => 0.005
[ Info:      B₀ => -4.24e-8
[ Info: Set up grid....
[ Info: Set up boundary conditions....
[ Info: Set up bottom sponge layer....
[ Info:      no sponge layer
[ Info: Setting up model....
[ Info: Defining initial conditions....
[ Info: Define the simulation....
[ Info: Add diagnostics...
ERROR: LoadError: syntax: invalid keyword argument name ""vt"" around /glade/u/home/mbailly/Buoyancy-Driven-Convection/Simulations/buoyancy_and_wind-driven_convection.jl:281
Stacktrace:
 [1] top-level scope
   @ ~/Buoyancy-Driven-Convection/Simulations/buoyancy_and_wind-driven_convection.jl:281
in expression starting at /glade/u/home/mbailly/Buoyancy-Driven-Convection/Simulations/buoyancy_and_wind-driven_convection.jl:281
