[ Info: Parse command line arguments...
[ Info:     casename => sim2D3-20
[ Info:     nTf => 20.0
[ Info:     outdir => /glade/derecho/scratch/mbailly/Buoyancy-Driven-Convection/Output
[ Info:     SL => pw
[ Info: Loading sim2D3 with parameters:
[ Info:      N₀² => 9.0e-5
[ Info:      M² => -2.12e-7
[ Info:      f => 0.0001
[ Info:      σ => 0.005
[ Info:      B₀ => -4.24e-8
[ Info: Set up grid....
[ Info: Set up boundary conditions....
[ Info: Set up bottom sponge layer....
[ Info:      loading piecewise mask
[ Info: Setting up model....
[ Info: Defining initial conditions....
[ Info: Define the simulation....
[ Info: Add diagnostics...
[ Info: Run....
[ Info: Initializing simulation...
[ Info:     ... simulation initialization complete (1.932 minutes)
[ Info: Executing initial time step...
[ Info:     ... initial time step complete (4.916 seconds).
[ Info: Simulation is stopping after running for 57.786 minutes.
[ Info: Simulation time 20 days equals or exceeds stop time 20 days.
[ Info: Simulation completed in |57.786 minutes
[ Info: Parse command line arguments...
[ Info:     casename => sim2D3-20
[ Info:     nTf => 20.0
[ Info:     outdir => /glade/derecho/scratch/mbailly/Buoyancy-Driven-Convection/Output
[ Info:     SL => pw
[ Info: Loading sim2D3 with parameters:
[ Info:      N₀² => 9.0e-5
[ Info:      M² => -2.12e-7
[ Info:      f => 0.0001
[ Info:      σ => 0.005
[ Info:      B₀ => -4.24e-8
[ Info: Set up grid....
[ Info: Set up boundary conditions....
[ Info: Set up bottom sponge layer....
[ Info:      loading piecewise mask
[ Info: Setting up model....
[ Info: Defining initial conditions....
[ Info: Define the simulation....
[ Info: Add diagnostics...
ERROR: LoadError: syntax: invalid keyword argument name ""vt"" around /glade/u/home/mbailly/Buoyancy-Driven-Convection/Simulations/buoyancy_and_wind-driven_convection.jl:281
Stacktrace:
 [1] top-level scope
   @ ~/Buoyancy-Driven-Convection/Simulations/buoyancy_and_wind-driven_convection.jl:281
in expression starting at /glade/u/home/mbailly/Buoyancy-Driven-Convection/Simulations/buoyancy_and_wind-driven_convection.jl:281
