[ Info: Parse command line arguments...
[ Info:     casename => sim2D1-20
[ Info:     nTf => 20.0
[ Info:     outdir => /glade/derecho/scratch/mbailly/Buoyancy-Driven-Convection/Output
[ Info: Load in simulation parameters
[ Info: Loading sim2D1 with parameters:
[ Info:      N₀² => 9.0e-5
[ Info:      M² => 0
[ Info:      f => 0.0001
[ Info:      σ => 0.005
[ Info:      B₀ => -4.24e-8
[ Info: Set up grid....
[ Info: Set up boundary conditions....
[ Info: Set up bottom sponge layer....
[ Info: Setting up model....
[ Info: Defining initial conditions....
[ Info: Define the simulation....
[ Info: Add diagnostics...
[ Info: Run....
[ Info: Initializing simulation...
[ Info:     ... simulation initialization complete (23.816 seconds)
[ Info: Executing initial time step...
[ Info:     ... initial time step complete (4.916 seconds).
[ Info: Simulation is stopping after running for 27.239 minutes.
[ Info: Simulation time 20 days equals or exceeds stop time 20 days.
[ Info: Simulation completed in |27.239 minutes
[ Info: Parse command line arguments...
[ Info:     casename => sim2D1-20
[ Info:     nTf => 20.0
[ Info:     outdir => /glade/derecho/scratch/mbailly/Buoyancy-Driven-Convection/Output
[ Info:     SL => pw
[ Info: Loading sim2D1 with parameters:
[ Info:      N₀² => 9.0e-5
[ Info:      M² => 0
[ Info:      f => 0.0001
[ Info:      σ => 0.005
[ Info:      B₀ => -4.24e-8
[ Info: Set up grid....
[ Info: Set up boundary conditions....
[ Info: Set up bottom sponge layer....
[ Info:      loading piecewise mask
[ Info: Setting up model....
[ Info: Defining initial conditions....
[ Info: Define the simulation....
[ Info: Add diagnostics...
┌ Warning: Overwriting existing /glade/derecho/scratch/mbailly/Buoyancy-Driven-Convection/Output/sim2D1-20_averages.nc.
└ @ Oceananigans.OutputWriters ~/.julia/packages/Oceananigans/aI5AQ/src/OutputWriters/netcdf_output_writer.jl:390
[ Info: Run....
[ Info: Initializing simulation...
[ Info:     ... simulation initialization complete (1.865 minutes)
[ Info: Executing initial time step...
[ Info:     ... initial time step complete (4.705 seconds).
[ Info: Simulation is stopping after running for 31.478 minutes.
[ Info: Simulation time 20 days equals or exceeds stop time 20 days.
[ Info: Simulation completed in |31.479 minutes
[ Info: Parse command line arguments...
[ Info:     casename => sim2D1-20
[ Info:     nTf => 20.0
[ Info:     outdir => /glade/derecho/scratch/mbailly/Buoyancy-Driven-Convection/Output
[ Info:     SL => pw
[ Info: Loading sim2D1 with parameters:
[ Info:      N₀² => 9.0e-5
[ Info:      M² => 0
[ Info:      f => 0.0001
[ Info:      σ => 0.005
[ Info:      B₀ => -4.24e-8
[ Info: Set up grid....
[ Info: Set up boundary conditions....
[ Info: Set up bottom sponge layer....
[ Info:      loading piecewise mask
[ Info: Setting up model....
[ Info: Defining initial conditions....
[ Info: Define the simulation....
[ Info: Add diagnostics...
ERROR: LoadError: syntax: invalid keyword argument name ""vt"" around /glade/u/home/mbailly/Buoyancy-Driven-Convection/Simulations/buoyancy_and_wind-driven_convection.jl:281
Stacktrace:
 [1] top-level scope
   @ ~/Buoyancy-Driven-Convection/Simulations/buoyancy_and_wind-driven_convection.jl:281
in expression starting at /glade/u/home/mbailly/Buoyancy-Driven-Convection/Simulations/buoyancy_and_wind-driven_convection.jl:281
